<?xml version="1.0" encoding="UTF-8"?>
<testng-results skipped="0" failed="1" ignored="0" total="10" passed="9">
  <reporter-output>
    <line>
      <![CDATA[<br><img src='C:\Users\VICKY\Desktop\Liya\Selenium\Grootan\Folder1/Home.png' height='400' width='400'/><br>]]>
    </line>
    <line>
      <![CDATA[<br><img src='C:\Users\VICKY\Desktop\Liya\Selenium\Grootan\Folder1/Services.png' height='400' width='400'/><br>]]>
    </line>
    <line>
      <![CDATA[<br><img src='C:\Users\VICKY\Desktop\Liya\Selenium\Grootan\Folder1/Open Source.png' height='400' width='400'/><br>]]>
    </line>
    <line>
      <![CDATA[<br><img src='C:\Users\VICKY\Desktop\Liya\Selenium\Grootan\Folder1/Blog.png' height='400' width='400'/><br>]]>
    </line>
    <line>
      <![CDATA[<br><img src='C:\Users\VICKY\Desktop\Liya\Selenium\Grootan\Folder1/Team.png' height='400' width='400'/><br>]]>
    </line>
    <line>
      <![CDATA[<br><img src='C:\Users\VICKY\Desktop\Liya\Selenium\Grootan\Folder1/Careers.png' height='400' width='400'/><br>]]>
    </line>
    <line>
      <![CDATA[<br><img src='C:\Users\VICKY\Desktop\Liya\Selenium\Grootan\Folder1/Contact Us.png' height='400' width='400'/><br>]]>
    </line>
  </reporter-output>
  <suite name="Suite" duration-ms="110107" started-at="2020-12-26T22:27:23 IST" finished-at="2020-12-26T22:29:13 IST">
    <groups>
    </groups>
    <test name="TSR" duration-ms="110107" started-at="2020-12-26T22:27:23 IST" finished-at="2020-12-26T22:29:13 IST">
      <class name="com.grootan.qa.testcases.GrootanTest">
        <test-method status="PASS" signature="setUp()[pri:0, instance:com.grootan.qa.testcases.GrootanTest@3869f4]" name="setUp" is-config="true" duration-ms="10357" started-at="2020-12-26T22:27:23 IST" finished-at="2020-12-26T22:27:33 IST">
          <reporter-output>
          </reporter-output>
        </test-method> <!-- setUp -->
        <test-method status="PASS" signature="click_On_HomeSection_And_TakeScreenshot()[pri:1, instance:com.grootan.qa.testcases.GrootanTest@3869f4]" name="click_On_HomeSection_And_TakeScreenshot" duration-ms="1412" started-at="2020-12-26T22:27:33 IST" finished-at="2020-12-26T22:27:35 IST">
          <reporter-output>
            <line>
              <![CDATA[<br><img src='C:\Users\VICKY\Desktop\Liya\Selenium\Grootan\Folder1/Home.png' height='400' width='400'/><br>]]>
            </line>
          </reporter-output>
        </test-method> <!-- click_On_HomeSection_And_TakeScreenshot -->
        <test-method status="PASS" signature="tearDown()[pri:0, instance:com.grootan.qa.testcases.GrootanTest@3869f4]" name="tearDown" is-config="true" duration-ms="1197" started-at="2020-12-26T22:27:35 IST" finished-at="2020-12-26T22:27:36 IST">
          <reporter-output>
          </reporter-output>
        </test-method> <!-- tearDown -->
        <test-method status="PASS" signature="setUp()[pri:0, instance:com.grootan.qa.testcases.GrootanTest@3869f4]" name="setUp" is-config="true" duration-ms="7481" started-at="2020-12-26T22:27:36 IST" finished-at="2020-12-26T22:27:43 IST">
          <reporter-output>
          </reporter-output>
        </test-method> <!-- setUp -->
        <test-method status="PASS" signature="click_On_ServicesSection_And_TakeScreenshot()[pri:2, instance:com.grootan.qa.testcases.GrootanTest@3869f4]" name="click_On_ServicesSection_And_TakeScreenshot" duration-ms="746" started-at="2020-12-26T22:27:43 IST" finished-at="2020-12-26T22:27:44 IST">
          <reporter-output>
            <line>
              <![CDATA[<br><img src='C:\Users\VICKY\Desktop\Liya\Selenium\Grootan\Folder1/Services.png' height='400' width='400'/><br>]]>
            </line>
          </reporter-output>
        </test-method> <!-- click_On_ServicesSection_And_TakeScreenshot -->
        <test-method status="PASS" signature="tearDown()[pri:0, instance:com.grootan.qa.testcases.GrootanTest@3869f4]" name="tearDown" is-config="true" duration-ms="991" started-at="2020-12-26T22:27:44 IST" finished-at="2020-12-26T22:27:45 IST">
          <reporter-output>
          </reporter-output>
        </test-method> <!-- tearDown -->
        <test-method status="PASS" signature="setUp()[pri:0, instance:com.grootan.qa.testcases.GrootanTest@3869f4]" name="setUp" is-config="true" duration-ms="7269" started-at="2020-12-26T22:27:45 IST" finished-at="2020-12-26T22:27:52 IST">
          <reporter-output>
          </reporter-output>
        </test-method> <!-- setUp -->
        <test-method status="PASS" signature="click_On_OpenSourceSection_And_TakeScreenshot()[pri:3, instance:com.grootan.qa.testcases.GrootanTest@3869f4]" name="click_On_OpenSourceSection_And_TakeScreenshot" duration-ms="974" started-at="2020-12-26T22:27:52 IST" finished-at="2020-12-26T22:27:53 IST">
          <reporter-output>
            <line>
              <![CDATA[<br><img src='C:\Users\VICKY\Desktop\Liya\Selenium\Grootan\Folder1/Open Source.png' height='400' width='400'/><br>]]>
            </line>
          </reporter-output>
        </test-method> <!-- click_On_OpenSourceSection_And_TakeScreenshot -->
        <test-method status="PASS" signature="tearDown()[pri:0, instance:com.grootan.qa.testcases.GrootanTest@3869f4]" name="tearDown" is-config="true" duration-ms="954" started-at="2020-12-26T22:27:53 IST" finished-at="2020-12-26T22:27:54 IST">
          <reporter-output>
          </reporter-output>
        </test-method> <!-- tearDown -->
        <test-method status="PASS" signature="setUp()[pri:0, instance:com.grootan.qa.testcases.GrootanTest@3869f4]" name="setUp" is-config="true" duration-ms="6983" started-at="2020-12-26T22:27:54 IST" finished-at="2020-12-26T22:28:01 IST">
          <reporter-output>
          </reporter-output>
        </test-method> <!-- setUp -->
        <test-method status="PASS" signature="click_On_BlogSection_And_TakeScreenshot()[pri:4, instance:com.grootan.qa.testcases.GrootanTest@3869f4]" name="click_On_BlogSection_And_TakeScreenshot" duration-ms="5022" started-at="2020-12-26T22:28:01 IST" finished-at="2020-12-26T22:28:06 IST">
          <reporter-output>
            <line>
              <![CDATA[<br><img src='C:\Users\VICKY\Desktop\Liya\Selenium\Grootan\Folder1/Blog.png' height='400' width='400'/><br>]]>
            </line>
          </reporter-output>
        </test-method> <!-- click_On_BlogSection_And_TakeScreenshot -->
        <test-method status="PASS" signature="tearDown()[pri:0, instance:com.grootan.qa.testcases.GrootanTest@3869f4]" name="tearDown" is-config="true" duration-ms="1007" started-at="2020-12-26T22:28:06 IST" finished-at="2020-12-26T22:28:07 IST">
          <reporter-output>
          </reporter-output>
        </test-method> <!-- tearDown -->
        <test-method status="PASS" signature="setUp()[pri:0, instance:com.grootan.qa.testcases.GrootanTest@3869f4]" name="setUp" is-config="true" duration-ms="7890" started-at="2020-12-26T22:28:07 IST" finished-at="2020-12-26T22:28:15 IST">
          <reporter-output>
          </reporter-output>
        </test-method> <!-- setUp -->
        <test-method status="PASS" signature="click_On_TeamcSection_And_TakeScreenshot()[pri:5, instance:com.grootan.qa.testcases.GrootanTest@3869f4]" name="click_On_TeamcSection_And_TakeScreenshot" duration-ms="1139" started-at="2020-12-26T22:28:15 IST" finished-at="2020-12-26T22:28:16 IST">
          <reporter-output>
            <line>
              <![CDATA[<br><img src='C:\Users\VICKY\Desktop\Liya\Selenium\Grootan\Folder1/Team.png' height='400' width='400'/><br>]]>
            </line>
          </reporter-output>
        </test-method> <!-- click_On_TeamcSection_And_TakeScreenshot -->
        <test-method status="PASS" signature="tearDown()[pri:0, instance:com.grootan.qa.testcases.GrootanTest@3869f4]" name="tearDown" is-config="true" duration-ms="959" started-at="2020-12-26T22:28:16 IST" finished-at="2020-12-26T22:28:17 IST">
          <reporter-output>
          </reporter-output>
        </test-method> <!-- tearDown -->
        <test-method status="PASS" signature="setUp()[pri:0, instance:com.grootan.qa.testcases.GrootanTest@3869f4]" name="setUp" is-config="true" duration-ms="6924" started-at="2020-12-26T22:28:17 IST" finished-at="2020-12-26T22:28:24 IST">
          <reporter-output>
          </reporter-output>
        </test-method> <!-- setUp -->
        <test-method status="PASS" signature="click_On_CareersSection_And_TakeScreenshot()[pri:6, instance:com.grootan.qa.testcases.GrootanTest@3869f4]" name="click_On_CareersSection_And_TakeScreenshot" duration-ms="1053" started-at="2020-12-26T22:28:24 IST" finished-at="2020-12-26T22:28:25 IST">
          <reporter-output>
            <line>
              <![CDATA[<br><img src='C:\Users\VICKY\Desktop\Liya\Selenium\Grootan\Folder1/Careers.png' height='400' width='400'/><br>]]>
            </line>
          </reporter-output>
        </test-method> <!-- click_On_CareersSection_And_TakeScreenshot -->
        <test-method status="PASS" signature="tearDown()[pri:0, instance:com.grootan.qa.testcases.GrootanTest@3869f4]" name="tearDown" is-config="true" duration-ms="1098" started-at="2020-12-26T22:28:25 IST" finished-at="2020-12-26T22:28:26 IST">
          <reporter-output>
          </reporter-output>
        </test-method> <!-- tearDown -->
        <test-method status="PASS" signature="setUp()[pri:0, instance:com.grootan.qa.testcases.GrootanTest@3869f4]" name="setUp" is-config="true" duration-ms="9538" started-at="2020-12-26T22:28:26 IST" finished-at="2020-12-26T22:28:36 IST">
          <reporter-output>
          </reporter-output>
        </test-method> <!-- setUp -->
        <test-method status="PASS" signature="click_On_ContactUSSection_And_TakeScreenshot()[pri:7, instance:com.grootan.qa.testcases.GrootanTest@3869f4]" name="click_On_ContactUSSection_And_TakeScreenshot" duration-ms="1070" started-at="2020-12-26T22:28:36 IST" finished-at="2020-12-26T22:28:37 IST">
          <reporter-output>
            <line>
              <![CDATA[<br><img src='C:\Users\VICKY\Desktop\Liya\Selenium\Grootan\Folder1/Contact Us.png' height='400' width='400'/><br>]]>
            </line>
          </reporter-output>
        </test-method> <!-- click_On_ContactUSSection_And_TakeScreenshot -->
        <test-method status="PASS" signature="tearDown()[pri:0, instance:com.grootan.qa.testcases.GrootanTest@3869f4]" name="tearDown" is-config="true" duration-ms="1141" started-at="2020-12-26T22:28:37 IST" finished-at="2020-12-26T22:28:38 IST">
          <reporter-output>
          </reporter-output>
        </test-method> <!-- tearDown -->
        <test-method status="PASS" signature="setUp()[pri:0, instance:com.grootan.qa.testcases.GrootanTest@3869f4]" name="setUp" is-config="true" duration-ms="7411" started-at="2020-12-26T22:28:38 IST" finished-at="2020-12-26T22:28:45 IST">
          <reporter-output>
          </reporter-output>
        </test-method> <!-- setUp -->
        <test-method status="PASS" signature="compareFolder1AndFolder2()[pri:8, instance:com.grootan.qa.testcases.GrootanTest@3869f4]" name="compareFolder1AndFolder2" duration-ms="2" started-at="2020-12-26T22:28:45 IST" finished-at="2020-12-26T22:28:45 IST">
          <reporter-output>
          </reporter-output>
        </test-method> <!-- compareFolder1AndFolder2 -->
        <test-method status="PASS" signature="tearDown()[pri:0, instance:com.grootan.qa.testcases.GrootanTest@3869f4]" name="tearDown" is-config="true" duration-ms="878" started-at="2020-12-26T22:28:45 IST" finished-at="2020-12-26T22:28:46 IST">
          <reporter-output>
          </reporter-output>
        </test-method> <!-- tearDown -->
        <test-method status="PASS" signature="reportGeneration()[pri:0, instance:com.grootan.qa.testcases.GrootanTest@3869f4]" name="reportGeneration" is-config="true" duration-ms="2562" started-at="2020-12-26T22:29:13 IST" finished-at="2020-12-26T22:29:15 IST">
          <reporter-output>
          </reporter-output>
        </test-method> <!-- reportGeneration -->
      </class> <!-- com.grootan.qa.testcases.GrootanTest -->
      <class name="com.grootan.qa.testcases.TeamSectionTest">
        <test-method status="PASS" signature="setUp()[pri:0, instance:com.grootan.qa.testcases.TeamSectionTest@38d7a3]" name="setUp" is-config="true" duration-ms="7977" started-at="2020-12-26T22:28:46 IST" finished-at="2020-12-26T22:28:54 IST">
          <reporter-output>
          </reporter-output>
        </test-method> <!-- setUp -->
        <test-method status="PASS" signature="printJuniorEngineerNamesFromTeamcSectionInTOExcel()[pri:1, instance:com.grootan.qa.testcases.TeamSectionTest@38d7a3]" name="printJuniorEngineerNamesFromTeamcSectionInTOExcel" duration-ms="5254" started-at="2020-12-26T22:28:54 IST" finished-at="2020-12-26T22:29:00 IST">
          <reporter-output>
          </reporter-output>
        </test-method> <!-- printJuniorEngineerNamesFromTeamcSectionInTOExcel -->
        <test-method status="PASS" signature="tearDown()[pri:0, instance:com.grootan.qa.testcases.TeamSectionTest@38d7a3]" name="tearDown" is-config="true" duration-ms="1191" started-at="2020-12-26T22:29:00 IST" finished-at="2020-12-26T22:29:01 IST">
          <reporter-output>
          </reporter-output>
        </test-method> <!-- tearDown -->
        <test-method status="PASS" signature="setUp()[pri:0, instance:com.grootan.qa.testcases.TeamSectionTest@38d7a3]" name="setUp" is-config="true" duration-ms="8600" started-at="2020-12-26T22:29:01 IST" finished-at="2020-12-26T22:29:09 IST">
          <reporter-output>
          </reporter-output>
        </test-method> <!-- setUp -->
        <test-method status="FAIL" signature="compareHrAndCTO_CoFounderImages()[pri:2, instance:com.grootan.qa.testcases.TeamSectionTest@38d7a3]" name="compareHrAndCTO_CoFounderImages" duration-ms="2046" started-at="2020-12-26T22:29:09 IST" finished-at="2020-12-26T22:29:11 IST">
          <exception class="java.lang.AssertionError">
            <message>
              <![CDATA[Images are not similar expected [false] but found [true]]]>
            </message>
            <full-stacktrace>
              <![CDATA[java.lang.AssertionError: Images are not similar expected [false] but found [true]
at org.testng.Assert.fail(Assert.java:99)
at org.testng.Assert.failNotEquals(Assert.java:1037)
at org.testng.Assert.assertFalse(Assert.java:67)
at com.grootan.qa.testcases.TeamSectionTest.compareHrAndCTO_CoFounderImages(TeamSectionTest.java:40)
at sun.reflect.NativeMethodAccessorImpl.invoke0(Native Method)
at sun.reflect.NativeMethodAccessorImpl.invoke(Unknown Source)
at sun.reflect.DelegatingMethodAccessorImpl.invoke(Unknown Source)
at java.lang.reflect.Method.invoke(Unknown Source)
at org.testng.internal.MethodInvocationHelper.invokeMethod(MethodInvocationHelper.java:132)
at org.testng.internal.TestInvoker.invokeMethod(TestInvoker.java:599)
at org.testng.internal.TestInvoker.invokeTestMethod(TestInvoker.java:174)
at org.testng.internal.MethodRunner.runInSequence(MethodRunner.java:46)
at org.testng.internal.TestInvoker$MethodInvocationAgent.invoke(TestInvoker.java:822)
at org.testng.internal.TestInvoker.invokeTestMethods(TestInvoker.java:147)
at org.testng.internal.TestMethodWorker.invokeTestMethods(TestMethodWorker.java:146)
at org.testng.internal.TestMethodWorker.run(TestMethodWorker.java:128)
at java.util.ArrayList.forEach(Unknown Source)
at org.testng.TestRunner.privateRun(TestRunner.java:764)
at org.testng.TestRunner.run(TestRunner.java:585)
at org.testng.SuiteRunner.runTest(SuiteRunner.java:384)
at org.testng.SuiteRunner.runSequentially(SuiteRunner.java:378)
at org.testng.SuiteRunner.privateRun(SuiteRunner.java:337)
at org.testng.SuiteRunner.run(SuiteRunner.java:286)
at org.testng.SuiteRunnerWorker.runSuite(SuiteRunnerWorker.java:53)
at org.testng.SuiteRunnerWorker.run(SuiteRunnerWorker.java:96)
at org.testng.TestNG.runSuitesSequentially(TestNG.java:1218)
at org.testng.TestNG.runSuitesLocally(TestNG.java:1140)
at org.testng.TestNG.runSuites(TestNG.java:1069)
at org.testng.TestNG.run(TestNG.java:1037)
at org.testng.remote.AbstractRemoteTestNG.run(AbstractRemoteTestNG.java:115)
at org.testng.remote.RemoteTestNG.initAndRun(RemoteTestNG.java:251)
at org.testng.remote.RemoteTestNG.main(RemoteTestNG.java:77)
]]>
            </full-stacktrace>
          </exception> <!-- java.lang.AssertionError -->
          <reporter-output>
          </reporter-output>
        </test-method> <!-- compareHrAndCTO_CoFounderImages -->
        <test-method status="PASS" signature="tearDown()[pri:0, instance:com.grootan.qa.testcases.TeamSectionTest@38d7a3]" name="tearDown" is-config="true" duration-ms="1423" started-at="2020-12-26T22:29:11 IST" finished-at="2020-12-26T22:29:13 IST">
          <reporter-output>
          </reporter-output>
        </test-method> <!-- tearDown -->
      </class> <!-- com.grootan.qa.testcases.TeamSectionTest -->
    </test> <!-- TSR -->
  </suite> <!-- Suite -->
</testng-results>
